<?xml version="1.0" encoding="UTF-8"?>
<!-- Generated by org.testng.reporters.JUnitXMLReporter -->
<testsuite ignored="0" hostname="LAPTOP-V1IEMLE7" failures="0" tests="2" name="Default test" time="4.49" errors="0" timestamp="2023-08-02T14:39:32 IST">
  <testcase classname="RestPackage02.DiffrentWaysToCreatePostRequestBody" name="testPostUserUsingExternalJsonFile" time="4.266"/>
  <testcase classname="RestPackage02.DiffrentWaysToCreatePostRequestBody" name="deletePostuser" time="0.121"/>
</testsuite> <!-- Default test -->
