<?xml version="1.0" encoding="UTF-8"?>
<!-- Generated by org.testng.reporters.JUnitXMLReporter -->
<testsuite ignored="0" hostname="LAPTOP-V1IEMLE7" failures="0" tests="4" name="Default test" time="8.852" errors="0" timestamp="2023-07-30T13:48:12 IST">
  <testcase classname="RestPackage01.HttpRequests" name="getUsers" time="6.077"/>
  <testcase classname="RestPackage01.HttpRequests" name="createUser" time="1.498"/>
  <testcase classname="RestPackage01.HttpRequests" name="updateUser" time="0.593"/>
  <testcase classname="RestPackage01.HttpRequests" name="deleteUser" time="0.539"/>
</testsuite> <!-- Default test -->
