<?xml version="1.0" encoding="UTF-8"?>
<testng-results ignored="0" total="2" passed="2" failed="0" skipped="0">
  <reporter-output>
  </reporter-output>
  <suite started-at="2023-08-02T14:39:27 IST" name="Default suite" finished-at="2023-08-02T14:39:31 IST" duration-ms="4490">
    <groups>
    </groups>
    <test started-at="2023-08-02T14:39:27 IST" name="Default test" finished-at="2023-08-02T14:39:31 IST" duration-ms="4490">
      <class name="RestPackage02.DiffrentWaysToCreatePostRequestBody">
        <test-method signature="testPostUserUsingExternalJsonFile()[pri:1, instance:RestPackage02.DiffrentWaysToCreatePostRequestBody@342c38f8]" started-at="2023-08-02T14:39:27 IST" name="testPostUserUsingExternalJsonFile" finished-at="2023-08-02T14:39:31 IST" duration-ms="4266" status="PASS">
          <reporter-output>
          </reporter-output>
        </test-method> <!-- testPostUserUsingExternalJsonFile -->
        <test-method signature="deletePostuser()[pri:2, instance:RestPackage02.DiffrentWaysToCreatePostRequestBody@342c38f8]" started-at="2023-08-02T14:39:31 IST" name="deletePostuser" finished-at="2023-08-02T14:39:31 IST" duration-ms="121" status="PASS">
          <reporter-output>
          </reporter-output>
        </test-method> <!-- deletePostuser -->
      </class> <!-- RestPackage02.DiffrentWaysToCreatePostRequestBody -->
    </test> <!-- Default test -->
  </suite> <!-- Default suite -->
</testng-results>
